

Tue Jun 17 2025 14:50:12:841 GMT+0100 (BST) -- Starting configuration console on http://localhost:45454
Tue Jun 17 2025 14:50:13:590 GMT+0100 (BST) -- [INFO] Started the BrowserStack Binary server on 45691, PID: 7916
Tue Jun 17 2025 14:50:13:703 GMT+0100 (BST) -- [SUCCESS] You can now access your local server(s) in our remote browser

Tue Jun 17 2025 14:50:14:65 GMT+0100 (BST) -- Press Ctrl-C to exit


Tue Jun 17 2025 16:46:10:314 GMT+0100 (BST) -- Received runtime exception: TypeError: Cannot set property 'onmessage' of null
    at repeaterConnection.onopen (bslocal.js:1:141066)
    at ve.<anonymous> (bslocal.js:1:66796)
    at x.o (bslocal.js:1:13915610)
    at x.emit (events.js:198:13)
    at x.S (bslocal.js:1:13921603)
    at ClientRequest.e (bslocal.js:1:13920397)
    at Object.onceWrapper (events.js:286:20)
    at ClientRequest.emit (events.js:198:13)
    at TLSSocket.socketOnData (_http_client.js:484:11)
    at TLSSocket.emit (events.js:198:13)
Tue Jun 17 2025 16:46:10:316 GMT+0100 (BST) -- Exiting.
Tue Jun 17 2025 16:46:10:337 GMT+0100 (BST) -- Press Ctrl-C to exit


Tue Jun 17 2025 16:46:10:349 GMT+0100 (BST) -- Press Ctrl-C to exit


Tue Jun 17 2025 16:46:10:358 GMT+0100 (BST) -- Press Ctrl-C to exit


Tue Jun 17 2025 16:46:10:360 GMT+0100 (BST) -- Press Ctrl-C to exit


Tue Jun 17 2025 16:46:10:424 GMT+0100 (BST) -- Received runtime exception: TypeError: Cannot set property 'onmessage' of null
    at repeaterConnection.onopen (bslocal.js:1:141066)
    at ve.<anonymous> (bslocal.js:1:66796)
    at x.o (bslocal.js:1:13915610)
    at x.emit (events.js:198:13)
    at x.S (bslocal.js:1:13921603)
    at ClientRequest.e (bslocal.js:1:13920397)
    at Object.onceWrapper (events.js:286:20)
    at ClientRequest.emit (events.js:198:13)
    at TLSSocket.socketOnData (_http_client.js:484:11)
    at TLSSocket.emit (events.js:198:13)
Tue Jun 17 2025 16:46:10:425 GMT+0100 (BST) -- Exiting.
Tue Jun 17 2025 16:46:10:441 GMT+0100 (BST) -- Received runtime exception: TypeError: Cannot set property 'onmessage' of null
    at repeaterConnection.onopen (bslocal.js:1:141066)
    at ve.<anonymous> (bslocal.js:1:66796)
    at x.o (bslocal.js:1:13915610)
    at x.emit (events.js:198:13)
    at x.S (bslocal.js:1:13921603)
    at ClientRequest.e (bslocal.js:1:13920397)
    at Object.onceWrapper (events.js:286:20)
    at ClientRequest.emit (events.js:198:13)
    at TLSSocket.socketOnData (_http_client.js:484:11)
    at TLSSocket.emit (events.js:198:13)
Tue Jun 17 2025 16:46:10:441 GMT+0100 (BST) -- Exiting.
Tue Jun 17 2025 16:46:10:445 GMT+0100 (BST) -- Received runtime exception: TypeError: Cannot set property 'onmessage' of null
    at repeaterConnection.onopen (bslocal.js:1:141066)
    at ve.<anonymous> (bslocal.js:1:66796)
    at x.o (bslocal.js:1:13915610)
    at x.emit (events.js:198:13)
    at x.S (bslocal.js:1:13921603)
    at ClientRequest.e (bslocal.js:1:13920397)
    at Object.onceWrapper (events.js:286:20)
    at ClientRequest.emit (events.js:198:13)
    at TLSSocket.socketOnData (_http_client.js:484:11)
    at TLSSocket.emit (events.js:198:13)
Tue Jun 17 2025 16:46:10:445 GMT+0100 (BST) -- Exiting.
Tue Jun 17 2025 16:46:10:448 GMT+0100 (BST) -- Received runtime exception: TypeError: Cannot set property 'onmessage' of null
    at repeaterConnection.onopen (bslocal.js:1:141066)
    at ve.<anonymous> (bslocal.js:1:66796)
    at x.o (bslocal.js:1:13915610)
    at x.emit (events.js:198:13)
    at x.S (bslocal.js:1:13921603)
    at ClientRequest.e (bslocal.js:1:13920397)
    at Object.onceWrapper (events.js:286:20)
    at ClientRequest.emit (events.js:198:13)
    at TLSSocket.socketOnData (_http_client.js:484:11)
    at TLSSocket.emit (events.js:198:13)
Tue Jun 17 2025 16:46:10:448 GMT+0100 (BST) -- Exiting.
Tue Jun 17 2025 16:46:10:450 GMT+0100 (BST) -- Received runtime exception: TypeError: Cannot set property 'onmessage' of null
    at repeaterConnection.onopen (bslocal.js:1:141066)
    at ve.<anonymous> (bslocal.js:1:66796)
    at x.o (bslocal.js:1:13915610)
    at x.emit (events.js:198:13)
    at x.S (bslocal.js:1:13921603)
    at ClientRequest.e (bslocal.js:1:13920397)
    at Object.onceWrapper (events.js:286:20)
    at ClientRequest.emit (events.js:198:13)
    at TLSSocket.socketOnData (_http_client.js:484:11)
    at TLSSocket.emit (events.js:198:13)
Tue Jun 17 2025 16:46:10:450 GMT+0100 (BST) -- Exiting.
Tue Jun 17 2025 16:46:10:455 GMT+0100 (BST) -- Received runtime exception: TypeError: Cannot set property 'onmessage' of null
    at repeaterConnection.onopen (bslocal.js:1:141066)
    at ve.<anonymous> (bslocal.js:1:66796)
    at x.o (bslocal.js:1:13915610)
    at x.emit (events.js:198:13)
    at x.S (bslocal.js:1:13921603)
    at ClientRequest.e (bslocal.js:1:13920397)
    at Object.onceWrapper (events.js:286:20)
    at ClientRequest.emit (events.js:198:13)
    at TLSSocket.socketOnData (_http_client.js:484:11)
    at TLSSocket.emit (events.js:198:13)
Tue Jun 17 2025 16:46:10:455 GMT+0100 (BST) -- Exiting.
Tue Jun 17 2025 16:46:10:458 GMT+0100 (BST) -- Received runtime exception: TypeError: Cannot set property 'onmessage' of null
    at repeaterConnection.onopen (bslocal.js:1:141066)
    at ve.<anonymous> (bslocal.js:1:66796)
    at x.o (bslocal.js:1:13915610)
    at x.emit (events.js:198:13)
    at x.S (bslocal.js:1:13921603)
    at ClientRequest.e (bslocal.js:1:13920397)
    at Object.onceWrapper (events.js:286:20)
    at ClientRequest.emit (events.js:198:13)
    at TLSSocket.socketOnData (_http_client.js:484:11)
    at TLSSocket.emit (events.js:198:13)
Tue Jun 17 2025 16:46:10:458 GMT+0100 (BST) -- Exiting.
Tue Jun 17 2025 16:46:10:460 GMT+0100 (BST) -- Received runtime exception: TypeError: Cannot set property 'onmessage' of null
    at repeaterConnection.onopen (bslocal.js:1:141066)
    at ve.<anonymous> (bslocal.js:1:66796)
    at x.o (bslocal.js:1:13915610)
    at x.emit (events.js:198:13)
    at x.S (bslocal.js:1:13921603)
    at ClientRequest.e (bslocal.js:1:13920397)
    at Object.onceWrapper (events.js:286:20)
    at ClientRequest.emit (events.js:198:13)
    at TLSSocket.socketOnData (_http_client.js:484:11)
    at TLSSocket.emit (events.js:198:13)
Tue Jun 17 2025 16:46:10:460 GMT+0100 (BST) -- Exiting.
Tue Jun 17 2025 16:46:10:461 GMT+0100 (BST) -- Received runtime exception: TypeError: Cannot set property 'onmessage' of null
    at repeaterConnection.onopen (bslocal.js:1:141066)
    at ve.<anonymous> (bslocal.js:1:66796)
    at x.o (bslocal.js:1:13915610)
    at x.emit (events.js:198:13)
    at x.S (bslocal.js:1:13921603)
    at ClientRequest.e (bslocal.js:1:13920397)
    at Object.onceWrapper (events.js:286:20)
    at ClientRequest.emit (events.js:198:13)
    at TLSSocket.socketOnData (_http_client.js:484:11)
    at TLSSocket.emit (events.js:198:13)
Tue Jun 17 2025 16:46:10:461 GMT+0100 (BST) -- Exiting.
Tue Jun 17 2025 16:46:10:463 GMT+0100 (BST) -- Received runtime exception: TypeError: Cannot set property 'onmessage' of null
    at repeaterConnection.onopen (bslocal.js:1:141066)
    at ve.<anonymous> (bslocal.js:1:66796)
    at x.o (bslocal.js:1:13915610)
    at x.emit (events.js:198:13)
    at x.S (bslocal.js:1:13921603)
    at ClientRequest.e (bslocal.js:1:13920397)
    at Object.onceWrapper (events.js:286:20)
    at ClientRequest.emit (events.js:198:13)
    at TLSSocket.socketOnData (_http_client.js:484:11)
    at TLSSocket.emit (events.js:198:13)
Tue Jun 17 2025 16:46:10:463 GMT+0100 (BST) -- Exiting.
Tue Jun 17 2025 16:46:10:468 GMT+0100 (BST) -- Received runtime exception: TypeError: Cannot set property 'onmessage' of null
    at repeaterConnection.onopen (bslocal.js:1:141066)
    at ve.<anonymous> (bslocal.js:1:66796)
    at x.o (bslocal.js:1:13915610)
    at x.emit (events.js:198:13)
    at x.S (bslocal.js:1:13921603)
    at ClientRequest.e (bslocal.js:1:13920397)
    at Object.onceWrapper (events.js:286:20)
    at ClientRequest.emit (events.js:198:13)
    at TLSSocket.socketOnData (_http_client.js:484:11)
    at TLSSocket.emit (events.js:198:13)
Tue Jun 17 2025 16:46:10:468 GMT+0100 (BST) -- Exiting.
Tue Jun 17 2025 16:46:10:470 GMT+0100 (BST) -- Received runtime exception: TypeError: Cannot set property 'onmessage' of null
    at repeaterConnection.onopen (bslocal.js:1:141066)
    at ve.<anonymous> (bslocal.js:1:66796)
    at x.o (bslocal.js:1:13915610)
    at x.emit (events.js:198:13)
    at x.S (bslocal.js:1:13921603)
    at ClientRequest.e (bslocal.js:1:13920397)
    at Object.onceWrapper (events.js:286:20)
    at ClientRequest.emit (events.js:198:13)
    at TLSSocket.socketOnData (_http_client.js:484:11)
    at TLSSocket.emit (events.js:198:13)
Tue Jun 17 2025 16:46:10:470 GMT+0100 (BST) -- Exiting.
Tue Jun 17 2025 16:46:10:471 GMT+0100 (BST) -- Received runtime exception: TypeError: Cannot set property 'onmessage' of null
    at repeaterConnection.onopen (bslocal.js:1:141066)
    at ve.<anonymous> (bslocal.js:1:66796)
    at x.o (bslocal.js:1:13915610)
    at x.emit (events.js:198:13)
    at x.S (bslocal.js:1:13921603)
    at ClientRequest.e (bslocal.js:1:13920397)
    at Object.onceWrapper (events.js:286:20)
    at ClientRequest.emit (events.js:198:13)
    at TLSSocket.socketOnData (_http_client.js:484:11)
    at TLSSocket.emit (events.js:198:13)
Tue Jun 17 2025 16:46:10:472 GMT+0100 (BST) -- Exiting.
Tue Jun 17 2025 16:46:10:478 GMT+0100 (BST) -- Received runtime exception: TypeError: Cannot set property 'onmessage' of null
    at repeaterConnection.onopen (bslocal.js:1:141066)
    at ve.<anonymous> (bslocal.js:1:66796)
    at x.o (bslocal.js:1:13915610)
    at x.emit (events.js:198:13)
    at x.S (bslocal.js:1:13921603)
    at ClientRequest.e (bslocal.js:1:13920397)
    at Object.onceWrapper (events.js:286:20)
    at ClientRequest.emit (events.js:198:13)
    at TLSSocket.socketOnData (_http_client.js:484:11)
    at TLSSocket.emit (events.js:198:13)
Tue Jun 17 2025 16:46:10:478 GMT+0100 (BST) -- Exiting.
Tue Jun 17 2025 16:46:10:479 GMT+0100 (BST) -- Received runtime exception: TypeError: Cannot set property 'onmessage' of null
    at repeaterConnection.onopen (bslocal.js:1:141066)
    at ve.<anonymous> (bslocal.js:1:66796)
    at x.o (bslocal.js:1:13915610)
    at x.emit (events.js:198:13)
    at x.S (bslocal.js:1:13921603)
    at ClientRequest.e (bslocal.js:1:13920397)
    at Object.onceWrapper (events.js:286:20)
    at ClientRequest.emit (events.js:198:13)
    at TLSSocket.socketOnData (_http_client.js:484:11)
    at TLSSocket.emit (events.js:198:13)
Tue Jun 17 2025 16:46:10:479 GMT+0100 (BST) -- Exiting.
Tue Jun 17 2025 16:46:10:552 GMT+0100 (BST) -- Press Ctrl-C to exit


